TN:
SF:./src/client/app/app.module.js
FN:1,(anonymous_1)
FNF:1
FNH:1
FNDA:1,(anonymous_1)
DA:1,1
DA:4,1
LF:2
LH:2
BRF:0
BRH:0
end_of_record
TN:
SF:./src/client/app/blocks/directives/directives.module.js
FN:1,(anonymous_1)
FNF:1
FNH:1
FNDA:1,(anonymous_1)
DA:1,1
DA:4,1
LF:2
LH:2
BRF:0
BRH:0
end_of_record
TN:
SF:./src/client/app/blocks/exception/exception.module.js
FN:1,(anonymous_1)
FNF:1
FNH:1
FNDA:1,(anonymous_1)
DA:1,1
DA:4,1
LF:2
LH:2
BRF:0
BRH:0
end_of_record
TN:
SF:./src/client/app/blocks/logger/logger.module.js
FN:1,(anonymous_1)
FNF:1
FNH:1
FNDA:1,(anonymous_1)
DA:1,1
DA:4,1
LF:2
LH:2
BRF:0
BRH:0
end_of_record
TN:
SF:./src/client/app/blocks/router/router.module.js
FN:1,(anonymous_1)
FNF:1
FNH:1
FNDA:1,(anonymous_1)
DA:1,1
DA:4,1
LF:2
LH:2
BRF:0
BRH:0
end_of_record
TN:
SF:./src/client/app/blocks/timer/timer.module.js
FNF:0
FNH:0
LF:0
LH:0
BRF:0
BRH:0
end_of_record
TN:
SF:./src/client/app/core/core.module.js
FN:1,(anonymous_1)
FNF:1
FNH:1
FNDA:1,(anonymous_1)
DA:1,1
DA:4,1
LF:2
LH:2
BRF:0
BRH:0
end_of_record
TN:
SF:./src/client/app/dashboard/dashboard.module.js
FN:1,(anonymous_1)
FNF:1
FNH:1
FNDA:1,(anonymous_1)
DA:1,1
DA:4,1
LF:2
LH:2
BRF:0
BRH:0
end_of_record
TN:
SF:./src/client/app/data/data.module.js
FN:1,(anonymous_1)
FNF:1
FNH:1
FNDA:1,(anonymous_1)
DA:1,1
DA:4,1
LF:2
LH:2
BRF:0
BRH:0
end_of_record
TN:
SF:./src/client/app/layout/layout.module.js
FN:1,(anonymous_1)
FNF:1
FNH:1
FNDA:1,(anonymous_1)
DA:1,1
DA:4,1
LF:2
LH:2
BRF:0
BRH:0
end_of_record
TN:
SF:./src/client/app/login/login.module.js
FN:1,(anonymous_1)
FNF:1
FNH:1
FNDA:1,(anonymous_1)
DA:1,1
DA:4,1
LF:2
LH:2
BRF:0
BRH:0
end_of_record
TN:
SF:./src/client/app/presentation/presentation.module.js
FN:1,(anonymous_1)
FNF:1
FNH:1
FNDA:1,(anonymous_1)
DA:1,1
DA:4,1
LF:2
LH:2
BRF:0
BRH:0
end_of_record
TN:
SF:./src/client/app/signup/signup.module.js
FN:1,(anonymous_1)
FNF:1
FNH:1
FNDA:1,(anonymous_1)
DA:1,1
DA:4,1
LF:2
LH:2
BRF:0
BRH:0
end_of_record
TN:
SF:./src/client/app/welcome/welcome.module.js
FN:1,(anonymous_1)
FNF:1
FNH:1
FNDA:1,(anonymous_1)
DA:1,1
DA:4,1
LF:2
LH:2
BRF:0
BRH:0
end_of_record
TN:
SF:./src/client/app/blocks/directives/ruDisposeOnLoad.directive.js
FN:1,(anonymous_1)
FN:12,ruDisposeOnLoad
FN:22,disposeOnLoadLink
FN:24,(anonymous_4)
FNF:4
FNH:1
FNDA:1,(anonymous_1)
FNDA:0,ruDisposeOnLoad
FNDA:0,disposeOnLoadLink
FNDA:0,(anonymous_4)
DA:1,1
DA:4,1
DA:10,1
DA:12,1
DA:14,0
DA:22,1
DA:24,0
DA:25,0
LF:8
LH:5
BRF:0
BRH:0
end_of_record
TN:
SF:./src/client/app/blocks/directives/ruTimer.directive.js
FN:1,(anonymous_1)
FN:10,ruTimer
FN:27,getTemplateUrl
FN:36,RuTimerController
FN:62,activate
FN:65,(anonymous_6)
FN:71,(anonymous_7)
FN:78,getTimeDiff
FN:84,parseTime
FN:96,padTime
FN:102,sendTimerStart
FN:119,sendTimerStop
FN:124,start
FN:133,stop
FN:138,doTimer
FNF:15
FNH:1
FNDA:1,(anonymous_1)
FNDA:0,ruTimer
FNDA:0,getTemplateUrl
FNDA:0,RuTimerController
FNDA:0,activate
FNDA:0,(anonymous_6)
FNDA:0,(anonymous_7)
FNDA:0,getTimeDiff
FNDA:0,parseTime
FNDA:0,padTime
FNDA:0,sendTimerStart
FNDA:0,sendTimerStop
FNDA:0,start
FNDA:0,stop
FNDA:0,doTimer
DA:1,1
DA:4,1
DA:10,1
DA:11,0
DA:27,1
DA:28,0
DA:30,0
DA:34,1
DA:36,1
DA:37,0
DA:38,0
DA:39,0
DA:41,0
DA:42,0
DA:43,0
DA:49,0
DA:50,0
DA:58,0
DA:62,1
DA:64,0
DA:66,0
DA:67,0
DA:70,0
DA:72,0
DA:73,0
DA:78,1
DA:79,0
DA:80,0
DA:84,1
DA:86,0
DA:87,0
DA:88,0
DA:91,0
DA:96,1
DA:97,0
DA:102,1
DA:103,0
DA:104,0
DA:105,0
DA:109,0
DA:110,0
DA:111,0
DA:112,0
DA:115,0
DA:119,1
DA:120,0
DA:124,1
DA:125,0
DA:126,0
DA:127,0
DA:128,0
DA:129,0
DA:133,1
DA:134,0
DA:138,1
DA:140,0
DA:141,0
DA:144,0
DA:146,0
DA:147,0
DA:148,0
DA:151,0
DA:154,0
LF:63
LH:15
BRDA:28,1,0,0
BRDA:28,1,1,0
BRDA:97,2,0,0
BRDA:97,2,1,0
BRDA:104,3,0,0
BRDA:104,3,1,0
BRDA:110,4,0,0
BRDA:110,4,1,0
BRDA:140,5,0,0
BRDA:140,5,1,0
BRDA:144,6,0,0
BRDA:144,6,1,0
BRF:12
BRH:0
end_of_record
TN:
SF:./src/client/app/blocks/exception/exception-handler.provider.js
FN:3,(anonymous_1)
FN:13,exceptionConfigProvider
FN:20,(anonymous_3)
FN:31,exceptionConfig
FN:38,extendExceptionHandler
FN:40,(anonymous_6)
FNF:6
FNH:1
FNDA:1,(anonymous_1)
FNDA:0,exceptionConfigProvider
FNDA:0,(anonymous_3)
FNDA:0,exceptionConfig
FNDA:0,extendExceptionHandler
FNDA:0,(anonymous_6)
DA:3,1
DA:6,1
DA:13,1
DA:15,0
DA:20,0
DA:21,0
DA:27,1
DA:31,1
DA:32,0
DA:35,1
DA:38,1
DA:39,0
DA:40,0
DA:41,0
DA:42,0
DA:43,0
DA:54,0
LF:17
LH:7
BRDA:39,1,0,0
BRDA:39,1,1,0
BRF:2
BRH:0
end_of_record
TN:
SF:./src/client/app/blocks/exception/exception.js
FN:1,(anonymous_1)
FN:10,exception
FN:16,catcher
FN:17,(anonymous_4)
FNF:4
FNH:1
FNDA:1,(anonymous_1)
FNDA:0,exception
FNDA:0,catcher
FNDA:0,(anonymous_4)
DA:1,1
DA:4,1
DA:8,1
DA:10,1
DA:11,0
DA:14,0
DA:16,1
DA:17,0
DA:18,0
LF:9
LH:5
BRF:0
BRH:0
end_of_record
TN:
SF:./src/client/app/blocks/logger/logger.js
FN:1,(anonymous_1)
FN:10,logger
FN:26,error
FN:32,info
FN:37,success
FN:48,warning
FNF:6
FNH:1
FNDA:1,(anonymous_1)
FNDA:0,logger
FNDA:0,error
FNDA:0,info
FNDA:0,success
FNDA:0,warning
DA:1,1
DA:4,1
DA:8,1
DA:10,1
DA:11,0
DA:23,0
DA:26,1
DA:27,0
DA:29,0
DA:32,1
DA:33,0
DA:34,0
DA:37,1
DA:38,0
DA:45,0
DA:48,1
DA:49,0
DA:50,0
LF:18
LH:8
BRF:0
BRH:0
end_of_record
TN:
SF:./src/client/app/blocks/router/routehelper.js
FN:1,(anonymous_1)
FN:10,routehelper
FN:16,init
FN:21,updateTitle
FN:22,(anonymous_5)
FN:29,requireLogin
FN:30,(anonymous_7)
FNF:7
FNH:1
FNDA:1,(anonymous_1)
FNDA:0,routehelper
FNDA:0,init
FNDA:0,updateTitle
FNDA:0,(anonymous_5)
FNDA:0,requireLogin
FNDA:0,(anonymous_7)
DA:1,1
DA:4,1
DA:8,1
DA:10,1
DA:12,0
DA:16,1
DA:17,0
DA:18,0
DA:21,1
DA:22,0
DA:23,0
DA:24,0
DA:29,1
DA:30,0
DA:31,0
DA:32,0
DA:33,0
DA:35,0
DA:38,0
DA:39,0
DA:41,0
DA:43,0
DA:44,0
LF:23
LH:7
BRDA:23,1,0,0
BRDA:23,1,1,0
BRDA:23,2,0,0
BRDA:23,2,1,0
BRDA:32,3,0,0
BRDA:32,3,1,0
BRDA:35,4,0,0
BRDA:35,4,1,0
BRDA:35,5,0,0
BRDA:35,5,1,0
BRDA:41,6,0,0
BRDA:41,6,1,0
BRDA:41,7,0,0
BRDA:41,7,1,0
BRDA:41,7,2,0
BRF:15
BRH:0
end_of_record
TN:
SF:./src/client/app/blocks/router/router.config.js
FN:1,(anonymous_1)
FN:14,configure
FN:21,tokenGetter
FNF:3
FNH:1
FNDA:1,(anonymous_1)
FNDA:0,configure
FNDA:0,tokenGetter
DA:1,1
DA:4,1
DA:5,1
DA:7,1
DA:14,1
DA:16,0
DA:18,0
DA:20,0
DA:21,1
DA:22,0
DA:25,0
DA:28,0
LF:12
LH:6
BRF:0
BRH:0
end_of_record
TN:
SF:./src/client/app/blocks/timer/timer.service.js
FN:1,(anonymous_1)
FN:12,timerService
FN:31,getTimeDiff
FN:39,parseTime
FN:48,padTime
FN:53,start
FN:60,stop
FN:64,runTimer
FNF:8
FNH:1
FNDA:1,(anonymous_1)
FNDA:0,timerService
FNDA:0,getTimeDiff
FNDA:0,parseTime
FNDA:0,padTime
FNDA:0,start
FNDA:0,stop
FNDA:0,runTimer
DA:1,1
DA:4,1
DA:10,1
DA:12,1
DA:13,0
DA:14,0
DA:15,0
DA:19,0
DA:27,0
DA:31,1
DA:32,0
DA:33,0
DA:35,0
DA:36,0
DA:39,1
DA:40,0
DA:41,0
DA:42,0
DA:44,0
DA:48,1
DA:49,0
DA:53,1
DA:54,0
DA:55,0
DA:56,0
DA:57,0
DA:60,1
DA:64,1
DA:65,0
DA:66,0
DA:67,0
DA:68,0
DA:69,0
DA:71,0
DA:73,0
LF:35
LH:10
BRDA:32,1,0,0
BRDA:32,1,1,0
BRDA:49,2,0,0
BRDA:49,2,1,0
BRDA:65,3,0,0
BRDA:65,3,1,0
BRDA:66,4,0,0
BRDA:66,4,1,0
BRF:8
BRH:0
end_of_record
TN:
SF:./src/client/app/core/common.js
FN:1,(anonymous_1)
FN:18,common
FN:39,$broadcast
FN:43,createSearchThrottle
FN:58,(anonymous_5)
FN:62,(anonymous_6)
FN:67,(anonymous_7)
FN:73,(anonymous_8)
FN:87,debouncedThrottle
FN:105,isNumber
FN:110,textContains
FNF:11
FNH:1
FNDA:1,(anonymous_1)
FNDA:0,common
FNDA:0,$broadcast
FNDA:0,createSearchThrottle
FNDA:0,(anonymous_5)
FNDA:0,(anonymous_6)
FNDA:0,(anonymous_7)
FNDA:0,(anonymous_8)
FNDA:0,debouncedThrottle
FNDA:0,isNumber
FNDA:0,textContains
DA:1,1
DA:4,1
DA:8,1
DA:18,1
DA:19,0
DA:21,0
DA:36,0
DA:39,1
DA:40,0
DA:43,1
DA:48,0
DA:50,0
DA:52,0
DA:54,0
DA:58,0
DA:62,0
DA:63,0
DA:67,0
DA:70,0
DA:73,0
DA:74,0
DA:75,0
DA:76,0
DA:78,0
DA:79,0
DA:81,0
DA:87,1
DA:92,0
DA:93,0
DA:94,0
DA:95,0
DA:96,0
DA:98,0
DA:99,0
DA:101,0
DA:105,1
DA:107,0
DA:110,1
DA:111,0
LF:39
LH:9
BRDA:48,1,0,0
BRDA:48,1,1,0
BRDA:50,2,0,0
BRDA:50,2,1,0
BRDA:74,3,0,0
BRDA:74,3,1,0
BRDA:78,4,0,0
BRDA:78,4,1,0
BRDA:78,5,0,0
BRDA:78,5,1,0
BRDA:93,6,0,0
BRDA:93,6,1,0
BRDA:94,7,0,0
BRDA:94,7,1,0
BRDA:98,8,0,0
BRDA:98,8,1,0
BRDA:111,9,0,0
BRDA:111,9,1,0
BRF:18
BRH:0
end_of_record
TN:
SF:./src/client/app/core/config.js
FN:1,(anonymous_1)
FN:10,configure
FN:16,configureToastr
FN:21,configureLogging
FN:28,configureExceptions
FN:32,configureMaterialDesign
FNF:6
FNH:1
FNDA:1,(anonymous_1)
FNDA:0,configure
FNDA:0,configureToastr
FNDA:0,configureLogging
FNDA:0,configureExceptions
FNDA:0,configureMaterialDesign
DA:1,1
DA:4,1
DA:6,1
DA:8,1
DA:10,1
DA:11,0
DA:12,0
DA:13,0
DA:14,0
DA:16,1
DA:17,0
DA:18,0
DA:21,1
DA:23,0
DA:24,0
DA:28,1
DA:29,0
DA:32,1
DA:33,0
LF:19
LH:9
BRDA:23,1,0,0
BRDA:23,1,1,0
BRF:2
BRH:0
end_of_record
TN:
SF:./src/client/app/core/constants.js
FN:2,(anonymous_1)
FN:11,constants
FNF:2
FNH:1
FNDA:1,(anonymous_1)
FNDA:0,constants
DA:2,1
DA:5,1
DA:11,1
DA:13,0
DA:15,0
DA:22,0
DA:33,0
DA:38,0
DA:43,0
DA:51,0
DA:69,0
DA:76,0
LF:12
LH:3
BRF:0
BRH:0
end_of_record
TN:
SF:./src/client/app/core/directives/ruLoadingOverlay.directive.js
FN:1,(anonymous_1)
FN:12,ruLoadingOverlay
FN:26,loadingOverlayLink
FN:37,showOverlay
FN:48,hideOverlay
FN:57,finishHide
FN:63,showVeil
FN:67,cancelTimer
FNF:8
FNH:1
FNDA:1,(anonymous_1)
FNDA:0,ruLoadingOverlay
FNDA:0,loadingOverlayLink
FNDA:0,showOverlay
FNDA:0,hideOverlay
FNDA:0,finishHide
FNDA:0,showVeil
FNDA:0,cancelTimer
DA:1,1
DA:4,1
DA:10,1
DA:12,1
DA:13,0
DA:15,0
DA:22,0
DA:26,1
DA:27,0
DA:28,0
DA:29,0
DA:30,0
DA:32,0
DA:33,0
DA:37,1
DA:38,0
DA:39,0
DA:40,0
DA:42,0
DA:43,0
DA:45,0
DA:48,1
DA:49,0
DA:50,0
DA:51,0
DA:52,0
DA:53,0
DA:57,1
DA:58,0
DA:59,0
DA:63,1
DA:64,0
DA:67,1
DA:68,0
DA:69,0
DA:71,0
LF:36
LH:10
BRDA:42,1,0,0
BRDA:42,1,1,0
BRDA:68,2,0,0
BRDA:68,2,1,0
BRF:4
BRH:0
end_of_record
TN:
SF:./src/client/app/core/loading.service.js
FN:11,(anonymous_1)
FN:22,loadingService
FN:28,(anonymous_3)
FN:32,(anonymous_4)
FN:40,loading
FN:58,show
FN:64,hide
FNF:7
FNH:1
FNDA:1,(anonymous_1)
FNDA:0,loadingService
FNDA:0,(anonymous_3)
FNDA:0,(anonymous_4)
FNDA:0,loading
FNDA:0,show
FNDA:0,hide
DA:11,1
DA:14,1
DA:20,1
DA:22,1
DA:23,0
DA:25,0
DA:26,0
DA:28,0
DA:29,0
DA:32,0
DA:33,0
DA:36,0
DA:40,1
DA:41,0
DA:42,0
DA:43,0
DA:44,0
DA:46,0
DA:47,0
DA:51,0
DA:52,0
DA:53,0
DA:55,0
DA:58,1
DA:59,0
DA:60,0
DA:64,1
DA:65,0
LF:28
LH:7
BRDA:41,1,0,0
BRDA:41,1,1,0
BRDA:42,2,0,0
BRDA:42,2,1,0
BRDA:51,3,0,0
BRDA:51,3,1,0
BRDA:59,4,0,0
BRDA:59,4,1,0
BRF:8
BRH:0
end_of_record
TN:
SF:./src/client/app/core/security.service.js
FN:1,(anonymous_1)
FN:12,securityService
FN:39,changeMode
FN:45,createUser
FN:54,createUserSucceeded
FN:61,getCreds
FN:73,getCurrentUser
FN:78,getMode
FN:83,getSessionId
FN:88,getToken
FN:93,login
FN:102,loginSucceeded
FN:112,logout
FN:126,onError
FN:130,recoverLoggedOnUser
FN:139,recoverUserMode
FN:148,recoverSession
FN:164,recoverSessionId
FN:170,setMode
FN:182,setModeSucceeded
FN:198,setModeFailed
FNF:21
FNH:1
FNDA:1,(anonymous_1)
FNDA:0,securityService
FNDA:0,changeMode
FNDA:0,createUser
FNDA:0,createUserSucceeded
FNDA:0,getCreds
FNDA:0,getCurrentUser
FNDA:0,getMode
FNDA:0,getSessionId
FNDA:0,getToken
FNDA:0,login
FNDA:0,loginSucceeded
FNDA:0,logout
FNDA:0,onError
FNDA:0,recoverLoggedOnUser
FNDA:0,recoverUserMode
FNDA:0,recoverSession
FNDA:0,recoverSessionId
FNDA:0,setMode
FNDA:0,setModeSucceeded
FNDA:0,setModeFailed
DA:1,1
DA:4,1
DA:10,1
DA:12,1
DA:13,0
DA:14,0
DA:15,0
DA:16,0
DA:17,0
DA:18,0
DA:19,0
DA:20,0
DA:22,0
DA:35,0
DA:39,1
DA:40,0
DA:41,0
DA:42,0
DA:45,1
DA:46,0
DA:54,1
DA:55,0
DA:56,0
DA:57,0
DA:61,1
DA:62,0
DA:63,0
DA:65,0
DA:73,1
DA:75,0
DA:78,1
DA:80,0
DA:83,1
DA:85,0
DA:88,1
DA:90,0
DA:93,1
DA:94,0
DA:102,1
DA:103,0
DA:104,0
DA:105,0
DA:106,0
DA:107,0
DA:108,0
DA:112,1
DA:113,0
DA:114,0
DA:115,0
DA:116,0
DA:117,0
DA:118,0
DA:119,0
DA:120,0
DA:121,0
DA:122,0
DA:123,0
DA:126,1
DA:127,0
DA:130,1
DA:131,0
DA:132,0
DA:133,0
DA:134,0
DA:139,1
DA:140,0
DA:141,0
DA:142,0
DA:143,0
DA:148,1
DA:150,0
DA:151,0
DA:154,0
DA:155,0
DA:156,0
DA:157,0
DA:158,0
DA:159,0
DA:164,1
DA:165,0
DA:166,0
DA:170,1
DA:171,0
DA:182,1
DA:183,0
DA:184,0
DA:185,0
DA:186,0
DA:187,0
DA:188,0
DA:190,0
DA:193,0
DA:195,0
DA:198,1
DA:200,0
DA:201,0
DA:202,0
LF:97
LH:23
BRDA:62,1,0,0
BRDA:62,1,1,0
BRDA:131,2,0,0
BRDA:131,2,1,0
BRDA:133,3,0,0
BRDA:133,3,1,0
BRDA:140,4,0,0
BRDA:140,4,1,0
BRDA:142,5,0,0
BRDA:142,5,1,0
BRDA:150,6,0,0
BRDA:150,6,1,0
BRDA:154,7,0,0
BRDA:154,7,1,0
BRDA:158,8,0,0
BRDA:158,8,1,0
BRDA:158,9,0,0
BRDA:158,9,1,0
BRDA:158,9,2,0
BRDA:165,10,0,0
BRDA:165,10,1,0
BRDA:188,11,0,0
BRDA:188,11,1,0
BRF:23
BRH:0
end_of_record
TN:
SF:./src/client/app/core/socket.service.js
FN:1,(anonymous_1)
FN:12,socketService
FNF:2
FNH:1
FNDA:1,(anonymous_1)
FNDA:0,socketService
DA:1,1
DA:4,1
DA:10,1
DA:12,1
DA:13,0
DA:14,0
DA:17,0
DA:18,0
DA:19,0
DA:23,0
LF:10
LH:4
BRDA:18,1,0,0
BRDA:18,1,1,0
BRF:2
BRH:0
end_of_record
TN:
SF:./src/client/app/dashboard/dashboard.js
FN:1,(anonymous_1)
FN:10,Dashboard
FN:22,activate
FN:25,(anonymous_4)
FN:32,sendMessage
FNF:5
FNH:1
FNDA:1,(anonymous_1)
FNDA:0,Dashboard
FNDA:0,activate
FNDA:0,(anonymous_4)
FNDA:0,sendMessage
DA:1,1
DA:4,1
DA:8,1
DA:10,1
DA:12,0
DA:13,0
DA:14,0
DA:16,0
DA:18,0
DA:22,1
DA:24,0
DA:26,0
DA:32,1
DA:33,0
LF:14
LH:6
BRF:0
BRH:0
end_of_record
TN:
SF:./src/client/app/data/data.service.js
FN:1,(anonymous_1)
FN:10,dataservice
FNF:2
FNH:1
FNDA:1,(anonymous_1)
FNDA:0,dataservice
DA:1,1
DA:4,1
DA:8,1
DA:10,1
LF:4
LH:4
BRF:0
BRH:0
end_of_record
TN:
SF:./src/client/app/layout/main.js
FN:1,(anonymous_1)
FN:10,Main
FN:25,activate
FN:32,hideNav
FN:33,(anonymous_5)
FN:38,showNav
FN:39,(anonymous_7)
FN:44,toggleNav
FN:45,(anonymous_9)
FNF:9
FNH:1
FNDA:1,(anonymous_1)
FNDA:0,Main
FNDA:0,activate
FNDA:0,hideNav
FNDA:0,(anonymous_5)
FNDA:0,showNav
FNDA:0,(anonymous_7)
FNDA:0,toggleNav
FNDA:0,(anonymous_9)
DA:1,1
DA:4,1
DA:8,1
DA:10,1
DA:12,0
DA:13,0
DA:14,0
DA:16,0
DA:19,0
DA:21,0
DA:25,1
DA:27,0
DA:28,0
DA:29,0
DA:32,1
DA:33,0
DA:34,0
DA:38,1
DA:39,0
DA:40,0
DA:44,1
DA:45,0
DA:46,0
LF:23
LH:8
BRF:0
BRH:0
end_of_record
TN:
SF:./src/client/app/layout/shell.js
FN:1,(anonymous_1)
FN:10,Shell
FN:26,activate
FN:30,(anonymous_4)
FN:34,(anonymous_5)
FN:38,(anonymous_6)
FN:43,getCurrentUser
FN:45,(anonymous_8)
FN:50,getMode
FN:52,(anonymous_10)
FN:57,getModeIcon
FN:68,userNameClicked
FN:73,(anonymous_13)
FN:85,showMenu
FNF:14
FNH:1
FNDA:1,(anonymous_1)
FNDA:0,Shell
FNDA:0,activate
FNDA:0,(anonymous_4)
FNDA:0,(anonymous_5)
FNDA:0,(anonymous_6)
FNDA:0,getCurrentUser
FNDA:0,(anonymous_8)
FNDA:0,getMode
FNDA:0,(anonymous_10)
FNDA:0,getModeIcon
FNDA:0,userNameClicked
FNDA:0,(anonymous_13)
FNDA:0,showMenu
DA:1,1
DA:4,1
DA:8,1
DA:10,1
DA:12,0
DA:13,0
DA:15,0
DA:16,0
DA:17,0
DA:18,0
DA:19,0
DA:20,0
DA:22,0
DA:26,1
DA:27,0
DA:28,0
DA:30,0
DA:31,0
DA:34,0
DA:35,0
DA:38,0
DA:39,0
DA:43,1
DA:44,0
DA:46,0
DA:50,1
DA:51,0
DA:53,0
DA:57,1
DA:58,0
DA:60,0
DA:62,0
DA:64,0
DA:68,1
DA:69,0
DA:74,0
DA:76,0
DA:77,0
DA:79,0
DA:80,0
DA:85,1
DA:86,0
LF:42
LH:10
BRDA:58,1,0,0
BRDA:58,1,1,0
BRDA:58,1,2,0
BRDA:74,2,0,0
BRDA:74,2,1,0
BRF:5
BRH:0
end_of_record
TN:
SF:./src/client/app/layout/userMenu.js
FN:1,(anonymous_1)
FN:10,UserMenu
FN:21,activate
FN:34,itemClicked
FNF:4
FNH:1
FNDA:1,(anonymous_1)
FNDA:0,UserMenu
FNDA:0,activate
FNDA:0,itemClicked
DA:1,1
DA:4,1
DA:8,1
DA:10,1
DA:12,0
DA:14,0
DA:15,0
DA:17,0
DA:21,1
DA:22,0
DA:34,1
DA:35,0
DA:36,0
LF:13
LH:6
BRF:0
BRH:0
end_of_record
TN:
SF:./src/client/app/login/login.js
FN:1,(anonymous_1)
FN:10,Login
FN:27,activate
FN:31,cancel
FN:35,login
FNF:5
FNH:1
FNDA:1,(anonymous_1)
FNDA:0,Login
FNDA:0,activate
FNDA:0,cancel
FNDA:0,login
DA:1,1
DA:4,1
DA:8,1
DA:10,1
DA:12,0
DA:13,0
DA:14,0
DA:16,0
DA:17,0
DA:18,0
DA:23,0
DA:27,1
DA:28,0
DA:31,1
DA:32,0
DA:35,1
DA:36,0
LF:17
LH:7
BRF:0
BRH:0
end_of_record
TN:
SF:./src/client/app/login/login.modal.js
FN:1,(anonymous_1)
FN:10,loginModal
FN:20,assignCurrentUser
FN:25,createModal
FNF:4
FNH:1
FNDA:1,(anonymous_1)
FNDA:0,loginModal
FNDA:0,assignCurrentUser
FNDA:0,createModal
DA:1,1
DA:4,1
DA:8,1
DA:10,1
DA:12,0
DA:16,0
DA:20,1
DA:21,0
DA:22,0
DA:25,1
DA:26,0
LF:11
LH:6
BRF:0
BRH:0
end_of_record
TN:
SF:./src/client/app/login/userMode.js
FN:1,(anonymous_1)
FN:10,UserMode
FN:22,activate
FN:26,classClick
FN:30,teacherClick
FNF:5
FNH:1
FNDA:1,(anonymous_1)
FNDA:0,UserMode
FNDA:0,activate
FNDA:0,classClick
FNDA:0,teacherClick
DA:1,1
DA:4,1
DA:8,1
DA:10,1
DA:12,0
DA:13,0
DA:15,0
DA:16,0
DA:18,0
DA:22,1
DA:26,1
DA:27,0
DA:30,1
DA:31,0
LF:14
LH:7
BRF:0
BRH:0
end_of_record
TN:
SF:./src/client/app/presentation/presentation.js
FN:1,(anonymous_1)
FN:10,Presentation
FN:22,activate
FN:26,(anonymous_4)
FNF:4
FNH:1
FNDA:1,(anonymous_1)
FNDA:0,Presentation
FNDA:0,activate
FNDA:0,(anonymous_4)
DA:1,1
DA:4,1
DA:8,1
DA:10,1
DA:12,0
DA:13,0
DA:14,0
DA:16,0
DA:18,0
DA:22,1
DA:23,0
DA:25,0
DA:27,0
LF:13
LH:5
BRF:0
BRH:0
end_of_record
TN:
SF:./src/client/app/signup/signup.js
FN:1,(anonymous_1)
FN:10,SignUp
FN:31,activate
FN:34,cancel
FN:39,createUser
FN:49,keyPress
FNF:6
FNH:1
FNDA:1,(anonymous_1)
FNDA:0,SignUp
FNDA:0,activate
FNDA:0,cancel
FNDA:0,createUser
FNDA:0,keyPress
DA:1,1
DA:4,1
DA:8,1
DA:10,1
DA:12,0
DA:13,0
DA:14,0
DA:16,0
DA:17,0
DA:18,0
DA:19,0
DA:27,0
DA:31,1
DA:34,1
DA:36,0
DA:39,1
DA:40,0
DA:41,0
DA:42,0
DA:43,0
DA:44,0
DA:46,0
DA:49,1
DA:50,0
DA:51,0
LF:25
LH:8
BRDA:40,1,0,0
BRDA:40,1,1,0
BRDA:50,2,0,0
BRDA:50,2,1,0
BRF:4
BRH:0
end_of_record
TN:
SF:./src/client/app/welcome/welcome.js
FN:1,(anonymous_1)
FN:10,Welcome
FN:28,activate
FN:31,login
FN:35,keyPress
FN:41,signup
FNF:6
FNH:1
FNDA:1,(anonymous_1)
FNDA:0,Welcome
FNDA:0,activate
FNDA:0,login
FNDA:0,keyPress
FNDA:0,signup
DA:1,1
DA:4,1
DA:8,1
DA:10,1
DA:12,0
DA:13,0
DA:14,0
DA:16,0
DA:17,0
DA:18,0
DA:19,0
DA:24,0
DA:28,1
DA:31,1
DA:32,0
DA:35,1
DA:36,0
DA:37,0
DA:41,1
DA:42,0
LF:20
LH:8
BRDA:36,1,0,0
BRDA:36,1,1,0
BRF:2
BRH:0
end_of_record
